Change log for Dashboard
------------------------

0.6.0
ADD: Image type with url parameter
CHG: hr -> separator
CHG: transformer -> formatter

0.5.0
ADD: Color picker control
ADD: Info control
ADD: bind capability to set values of control at the same time using a JSON object.
ADD: get JSON of bound controls with current values
CHG: show() now allows for panel itself to be shown/hidden as well by skipping id arg.
CHG: Show now uses null to reset style. If show=true initially no style is applied.
FIX: Step for slider set before value to allow decimal values setting slider correctly.

0.4.0
ADD: show() to show/hide a control
CHG: original show() -> init()

0.3.1
CHG: Slider: live update on-screen even if events aren't sent when using live=false

0.3.0
ADD: rem() to remove an existing control
CHG: labelText property -> label
CHG: buttonText property -> text
CHG: Optimizations

0.2.0
ADD: Local css option for control container
ADD: Automatically setup basic transformer slider when an array is provided for list
ADD: Option to initially disabled or enable a control
ADD: Wrapping text for text type in p element with new option (raw)
ADD: Range check for value to force it within min/max

0.1.0
NEW: Initial release


(c) 2016 Epistemex
